<?xml version="1.0" encoding="UTF-8"?>
<!-- Generated by org.testng.reporters.JUnitReportReporter -->
<testsuite hostname="DESKTOP-AV2EF2M" failures="0" tests="1" name="testCases.TC_002_LoginTest" time="1.737" errors="0" timestamp="2023-12-16T02:01:52 IST" skipped="0">
  <testcase classname="testCases.TC_002_LoginTest" name="test_login" time="1.737"/>
</testsuite> <!-- testCases.TC_002_LoginTest -->
