<?xml version="1.0" encoding="UTF-8"?>
<!-- Generated by org.testng.reporters.JUnitReportReporter -->
<testsuite hostname="DESKTOP-AV2EF2M" failures="0" tests="5" name="testCases.TC_003_LoginDDT" time="37.910" errors="0" timestamp="2023-12-16T02:09:31 IST" skipped="0">
  <testcase classname="testCases.TC_003_LoginDDT" name="test_loginDDT" time="2.219"/>
  <testcase classname="testCases.TC_003_LoginDDT" name="test_loginDDT" time="1.874"/>
  <testcase classname="testCases.TC_003_LoginDDT" name="test_loginDDT" time="11.253"/>
  <testcase classname="testCases.TC_003_LoginDDT" name="test_loginDDT" time="11.308"/>
  <testcase classname="testCases.TC_003_LoginDDT" name="test_loginDDT" time="11.256"/>
</testsuite> <!-- testCases.TC_003_LoginDDT -->
