<?xml version="1.0" encoding="UTF-8"?>
<!-- Generated by org.testng.reporters.JUnitReportReporter -->
<testsuite hostname="DESKTOP-AV2EF2M" failures="0" tests="1" name="testCases.TC_001_AccountRegistrationTest" time="4.880" errors="0" timestamp="2023-12-16T02:09:31 IST" skipped="0">
  <testcase classname="testCases.TC_001_AccountRegistrationTest" name="test_account_Registration" time="4.880"/>
</testsuite> <!-- testCases.TC_001_AccountRegistrationTest -->
